0 info it worked if it ends with ok
1 verbose cli [ 'D:\\npm\\node.exe',
1 verbose cli   'D:\\npm\\node_modules\\npm\\bin\\npm-cli.js',
1 verbose cli   'publish' ]
2 info using npm@3.10.10
3 info using node@v6.11.1
4 verbose publish [ '.' ]
5 silly cache add args [ '.', null ]
6 verbose cache add spec .
7 silly cache add parsed spec Result {
7 silly cache add   raw: '.',
7 silly cache add   scope: null,
7 silly cache add   escapedName: null,
7 silly cache add   name: null,
7 silly cache add   rawSpec: '.',
7 silly cache add   spec: 'C:\\Users\\wxj\\Desktop\\cordova-plugin-acmp-github\\cordova-plugin-acmp',
7 silly cache add   type: 'directory' }
8 verbose addLocalDirectory C:\Users\wxj\AppData\Roaming\npm-cache\PushPlugin\0.0.1\package.tgz not in flight; packing
9 verbose correctMkdir C:\Users\wxj\AppData\Roaming\npm-cache correctMkdir not in flight; initializing
10 info lifecycle PushPlugin@0.0.1~prepublish: PushPlugin@0.0.1
11 silly lifecycle PushPlugin@0.0.1~prepublish: no script for prepublish, continuing
12 verbose tar pack [ 'C:\\Users\\wxj\\AppData\\Roaming\\npm-cache\\PushPlugin\\0.0.1\\package.tgz',
12 verbose tar pack   'C:\\Users\\wxj\\Desktop\\cordova-plugin-acmp-github\\cordova-plugin-acmp' ]
13 verbose tarball C:\Users\wxj\AppData\Roaming\npm-cache\PushPlugin\0.0.1\package.tgz
14 verbose folder C:\Users\wxj\Desktop\cordova-plugin-acmp-github\cordova-plugin-acmp
15 verbose addLocalTarball adding from inside cache C:\Users\wxj\AppData\Roaming\npm-cache\PushPlugin\0.0.1\package.tgz
16 verbose correctMkdir C:\Users\wxj\AppData\Roaming\npm-cache correctMkdir not in flight; initializing
17 silly cache afterAdd PushPlugin@0.0.1
18 verbose afterAdd C:\Users\wxj\AppData\Roaming\npm-cache\PushPlugin\0.0.1\package\package.json not in flight; writing
19 verbose correctMkdir C:\Users\wxj\AppData\Roaming\npm-cache correctMkdir not in flight; initializing
20 verbose afterAdd C:\Users\wxj\AppData\Roaming\npm-cache\PushPlugin\0.0.1\package\package.json written
21 silly publish { name: 'PushPlugin',
21 silly publish   version: '0.0.1',
21 silly publish   description: 'aliyun acmp for cordova',
21 silly publish   cordova: { id: 'cordova-plugin-acmp', platforms: [ 'android', 'iOS' ] },
21 silly publish   repository:
21 silly publish    { type: 'git',
21 silly publish      url: 'git+https://github.com/GiterLab/cordova-plugin-acmp.git' },
21 silly publish   keywords: [ 'ecosystem:cordova', 'acmp', 'alicloud' ],
21 silly publish   author: { name: 'giterlab' },
21 silly publish   license: 'ISC',
21 silly publish   homepage: 'https://github.com/GiterLab/cordova-plugin-acmp',
21 silly publish   readme: '# cordova-plugin-acmp\r\naliyun acmp for cordova\r\n\r\n\r\n## 本插件的作用\r\n### cordova-plugin-acmp的主要作用是为了把阿里云移动推送集成到cordova开发中去\r\n\r\n\r\n## 插件的使用\r\n# 1.cordova开发环境\r\n### cordova安装请参考[cordova安装教程](http://cordova.axuer.com)\r\n\r\n# 2.使用步骤\r\n![插件的安装步骤](./lALPACOG84RcEhnNBDLNAp0_669_1074.png_620x10000q90g.jpg)\r\n\r\n如上图所示，从本地址git clone 项目到本地，也可以直接线上安装\r\n### cordova plugin add <path> --nofetch --variable APP_KEY=*** --variable APP_SECRET=***\r\n使用cordova add plugin命令把plugin安装到项目中，\r\n### cordova plugin ls\r\n使用此命令查看插件装成功与否，如果出现org.giter.pushplugin则表明插件安装成功\r\n\r\n# 3.js的调用\r\n![插件的使用](./lALPACOG84RccsbNBDjNB4A_1920_1080.png_620x10000q90g.jpg)\r\n<br>\r\n如上图所示，在项目家在cordova.js的情况先，直接使用cordova.plugins.PushPlugin.androidInit(success,fail)调用\r\n\r\n\r\n# 4.js接口说明\r\n\r\n## 1.androidInit(success,fail)\r\n android系统初始化阿里云推送调用接口，success,fail分别为成功和失败的回调函数\r\n## 2.iosInit(successs,fail)\r\n iOS系统初始化阿里云推送调用接口，success,fail分别为成功和失败的回调函数\r\n## 3.androidBand(success,fail,args)\r\n android绑定信息调用接口，success,fail为成功和失败的回调函数\r\n### args格式\r\n args为参数数组，args[0]表示需要绑定的账号信息，args[1]为需要给账号添加的tags（标签）和alias（别名）组合成json各式数据\r\n例如：**["giterlab","{\\"tag_key\\":1,\\"tag_value\\":[\\"giter\\",\\"lab\\"],\\"alias":\\"labgiter\\"}"]**\r\n\r\n### tag_key 目标类型，1：本设备；2：本设备绑定账号；3：别名\r\n\r\n### tag_value 标签（数组输入）\r\n\r\n### alias 别名（仅当tag_key = 3时生效）\r\n\r\n## 其中tag_key,tag_value,alias为json的key，不能更改！！\r\n## 4.iosBand(success,fail,args)\r\niOS绑定信息调用接口，同上androidBand\r\n',
21 silly publish   readmeFilename: 'README.md',
21 silly publish   gitHead: '809e9ed5cadea4c1cd75e2addf14df421325cffb',
21 silly publish   bugs: { url: 'https://github.com/GiterLab/cordova-plugin-acmp/issues' },
21 silly publish   _id: 'PushPlugin@0.0.1',
21 silly publish   scripts: {},
21 silly publish   _shasum: 'db0c08ca8a12a623bfe670c65bd1cf0fb048da7b',
21 silly publish   _from: '.' }
22 verbose getPublishConfig undefined
23 silly mapToRegistry name PushPlugin
24 silly mapToRegistry using default registry
25 silly mapToRegistry registry https://registry.npm.taobao.org/
26 silly mapToRegistry data Result {
26 silly mapToRegistry   raw: 'PushPlugin',
26 silly mapToRegistry   scope: null,
26 silly mapToRegistry   escapedName: 'PushPlugin',
26 silly mapToRegistry   name: 'PushPlugin',
26 silly mapToRegistry   rawSpec: '',
26 silly mapToRegistry   spec: 'latest',
26 silly mapToRegistry   type: 'tag' }
27 silly mapToRegistry uri https://registry.npm.taobao.org/PushPlugin
28 verbose publish registryBase https://registry.npm.taobao.org/
29 silly publish uploading C:\Users\wxj\AppData\Roaming\npm-cache\PushPlugin\0.0.1\package.tgz
30 verbose request uri https://registry.npm.taobao.org/PushPlugin
31 verbose request sending authorization for write operation
32 info attempt registry request try #1 at 16:07:48
33 verbose request id 25d5a601355f9ded
34 http request PUT https://registry.npm.taobao.org/PushPlugin
35 info retry will retry, error on last attempt: Error: read ECONNRESET
36 info attempt registry request try #2 at 16:07:58
37 http request PUT https://registry.npm.taobao.org/PushPlugin
38 http 413 https://registry.npm.taobao.org/PushPlugin
39 verbose bad json <html>
39 verbose bad json <head><title>413 Request Entity Too Large</title></head>
39 verbose bad json <body bgcolor="white">
39 verbose bad json <center><h1>413 Request Entity Too Large</h1></center>
39 verbose bad json <hr><center>nginx/1.4.6 (Ubuntu)</center>
39 verbose bad json </body>
39 verbose bad json </html>
40 error registry error parsing json
41 verbose headers { date: 'Tue, 19 Sep 2017 08:08:09 GMT',
41 verbose headers   'content-type': 'text/html',
41 verbose headers   'content-length': '207',
41 verbose headers   connection: 'keep-alive' }
42 verbose request invalidating C:\Users\wxj\AppData\Roaming\npm-cache\registry.npm.taobao.org\PushPlugin on PUT
43 error publish Failed PUT 413
44 verbose stack SyntaxError: Unexpected token < in JSON at position 0
44 verbose stack <html>
44 verbose stack <head><title>413 Request Entity Too Large</title></head>
44 verbose stack <body bgcolor="white">
44 verbose stack <center><h1>413 Request Entity Too Large</h1></center>
44 verbose stack <hr><center>nginx/1.4.6 (Ubuntu)</center>
44 verbose stack </body>
44 verbose stack </html>
44 verbose stack
44 verbose stack     at Object.parse (native)
44 verbose stack     at CachingRegistryClient.<anonymous> (D:\npm\node_modules\npm\node_modules\npm-registry-client\lib\request.js:237:23)
44 verbose stack     at Request._callback (D:\npm\node_modules\npm\node_modules\npm-registry-client\lib\request.js:210:14)
44 verbose stack     at Request.self.callback (D:\npm\node_modules\npm\node_modules\request\request.js:187:22)
44 verbose stack     at emitTwo (events.js:106:13)
44 verbose stack     at Request.emit (events.js:191:7)
44 verbose stack     at Request.<anonymous> (D:\npm\node_modules\npm\node_modules\request\request.js:1048:10)
44 verbose stack     at emitOne (events.js:96:13)
44 verbose stack     at Request.emit (events.js:188:7)
44 verbose stack     at IncomingMessage.<anonymous> (D:\npm\node_modules\npm\node_modules\request\request.js:969:12)
45 verbose cwd C:\Users\wxj\Desktop\cordova-plugin-acmp-github\cordova-plugin-acmp
46 error Windows_NT 6.1.7601
47 error argv "D:\\npm\\node.exe" "D:\\npm\\node_modules\\npm\\bin\\npm-cli.js" "publish"
48 error node v6.11.1
49 error npm  v3.10.10
50 error Unexpected token < in JSON at position 0
50 error <html>
50 error <head><title>413 Request Entity Too Large</title></head>
50 error <body bgcolor="white">
50 error <center><h1>413 Request Entity Too Large</h1></center>
50 error <hr><center>nginx/1.4.6 (Ubuntu)</center>
50 error </body>
50 error </html>
51 error If you need help, you may report this error at:
51 error     <https://github.com/npm/npm/issues>
52 verbose exit [ 1, true ]
